<?xml version="1.0" encoding="UTF-8"?>
<!-- Generated by org.testng.reporters.JUnitReportReporter -->
<testsuite hostname="DESKTOP-D7V1PLT" failures="0" tests="1" name="TestCase.VerifyOEI" time="148.397" errors="0" timestamp="2023-06-07T15:55:24 IST" skipped="0">
  <testcase classname="TestCase.VerifyOEI" name="OEI" time="148.397"/>
  <system-out/>
</testsuite> <!-- TestCase.VerifyOEI -->
