<?xml version="1.0" encoding="UTF-8"?>
<!-- Generated by org.testng.reporters.JUnitReportReporter -->
<testsuite hostname="DESKTOP-D7V1PLT" failures="0" tests="1" name="TestCase.VerifyInsights" time="229.248" errors="0" timestamp="2023-06-07T15:51:48 IST" skipped="0">
  <testcase classname="TestCase.VerifyInsights" name="insights" time="229.248"/>
  <system-out/>
</testsuite> <!-- TestCase.VerifyInsights -->
