<?xml version="1.0" encoding="UTF-8"?>
<!-- Generated by org.testng.reporters.JUnitReportReporter -->
<testsuite hostname="DESKTOP-D7V1PLT" failures="0" tests="1" name="TestCase.Verify_Analysis_Perspective_Negative" time="229.755" errors="0" timestamp="2023-06-07T12:58:24 IST" skipped="0">
  <testcase classname="TestCase.Verify_Analysis_Perspective_Negative" name="Perspective_Negative_Test" time="229.755"/>
  <system-out/>
</testsuite> <!-- TestCase.Verify_Analysis_Perspective_Negative -->
