<?xml version="1.0" encoding="UTF-8"?>
<!-- Generated by org.testng.reporters.JUnitReportReporter -->
<testsuite hostname="DESKTOP-D7V1PLT" failures="0" tests="1" name="TestCase.VerifyAdmin" time="40.206" errors="0" timestamp="2023-06-05T07:40:37 IST" skipped="0">
  <testcase classname="TestCase.VerifyAdmin" name="admin" time="40.206"/>
  <system-out/>
</testsuite> <!-- TestCase.VerifyAdmin -->
