<?xml version="1.0" encoding="UTF-8"?>
<!-- Generated by org.testng.reporters.JUnitReportReporter -->
<testsuite hostname="DESKTOP-D7V1PLT" failures="0" tests="1" name="TestCase.VerifyLoginTestCase" time="22.373" errors="0" timestamp="2023-06-07T12:58:24 IST" skipped="0">
  <testcase classname="TestCase.VerifyLoginTestCase" name="LoginTestCase" time="22.373"/>
  <system-out/>
</testsuite> <!-- TestCase.VerifyLoginTestCase -->
