<?xml version="1.0" encoding="UTF-8"?>
<!-- Generated by org.testng.reporters.JUnitReportReporter -->
<testsuite hostname="DESKTOP-D7V1PLT" failures="0" tests="1" name="TestCase.VerifyDashboard" time="130.119" errors="0" timestamp="2023-06-07T14:47:18 IST" skipped="0">
  <testcase classname="TestCase.VerifyDashboard" name="Dashboard" time="130.119"/>
  <system-out/>
</testsuite> <!-- TestCase.VerifyDashboard -->
